<?xml version="1.0" encoding="UTF-8"?>
<!-- Generated by org.testng.reporters.JUnitReportReporter -->
<testsuite hostname="LT062360" name="test.java.UserTest" tests="2" failures="0" timestamp="5 Mar 2019 11:47:27 GMT" time="20.719" errors="0">
  <testcase name="CreateNewUser" time="11.748" classname="test.java.UserTest"/>
  <testcase name="EditNewUser" time="8.971" classname="test.java.UserTest"/>
</testsuite> <!-- test.java.UserTest -->
