<?xml version="1.0" encoding="UTF-8"?>
<!-- Generated by org.testng.reporters.JUnitReportReporter -->
<testsuite hostname="LT062360" name="test.java.LoginTest" tests="3" failures="0" timestamp="5 Mar 2019 11:47:27 GMT" time="13.296" errors="0">
  <testcase name="invalidLogin" time="3.426" classname="test.java.LoginTest"/>
  <testcase name="AdminvalidLogin" time="6.078" classname="test.java.LoginTest"/>
  <testcase name="checkloginpage" time="3.792" classname="test.java.LoginTest"/>
</testsuite> <!-- test.java.LoginTest -->
