<?xml version="1.0" encoding="UTF-8"?>
<!-- Generated by org.testng.reporters.JUnitReportReporter -->
<testsuite hostname="LT062360" name="test.java.EmailManagerTest" tests="3" failures="0" timestamp="5 Mar 2019 11:47:27 GMT" time="23.695" errors="0">
  <testcase name="LogOut" time="5.152" classname="test.java.EmailManagerTest"/>
  <testcase name="CreateEmail" time="13.703" classname="test.java.EmailManagerTest"/>
  <testcase name="EditEmail" time="4.840" classname="test.java.EmailManagerTest"/>
</testsuite> <!-- test.java.EmailManagerTest -->
